--------- beginning of system
02-16 15:18:33.365   664   760 D ActivityManager: freezing 1963 com.android.vending
02-16 15:18:33.366   664   760 D ActivityManager: freezing 2399 com.android.vending:background
--------- beginning of main
02-16 15:18:33.451   664   816 D InetDiagMessage: Destroyed 10 sockets, proto=IPPROTO_TCP, family=AF_INET, states=14
02-16 15:18:33.452   664   816 D InetDiagMessage: Destroyed 6 sockets, proto=IPPROTO_TCP, family=AF_INET6, states=14
02-16 15:18:33.452   664   816 D InetDiagMessage: Destroyed live tcp sockets for uids={10153} in 6ms
02-16 15:18:33.508   664   760 D ActivityManager: freezing 4069 com.android.chrome
02-16 15:18:33.508   664   760 D ActivityManager: freezing 3637 com.google.android.partnersetup
02-16 15:18:33.508   664   816 D InetDiagMessage: Destroyed 0 sockets, proto=IPPROTO_TCP, family=AF_INET, states=14
02-16 15:18:33.508   664   816 D InetDiagMessage: Destroyed 0 sockets, proto=IPPROTO_TCP, family=AF_INET6, states=14
02-16 15:18:33.508   664   816 D InetDiagMessage: Destroyed live tcp sockets for uids={10162} in 0ms
02-16 15:18:33.519   664   816 D InetDiagMessage: Destroyed 0 sockets, proto=IPPROTO_TCP, family=AF_INET, states=14
02-16 15:18:33.519   664   816 D InetDiagMessage: Destroyed 0 sockets, proto=IPPROTO_TCP, family=AF_INET6, states=14
02-16 15:18:33.519   664   816 D InetDiagMessage: Destroyed live tcp sockets for uids={10152} in 1ms
02-16 15:18:33.806   664   810 I HalDevMgr: bestIfaceCreationProposal is null, requestIface=STA, existingIface=[name=wlan0 type=STA]
02-16 15:18:34.664   664   681 W ActivityTaskManager: callingPackage for (uid=2000, pid=5459) has no WPC
02-16 15:18:34.666   664   681 V WindowManager: DesktopModeLaunchParamsModifier: phase= 0 task=null activity=null display-area-from-current-params=null display-area-from-default-fallback=DefaultTaskDisplayArea@41055602 display-id=0 task-display-area-windowing-mode=1 suggested-display-area=DefaultTaskDisplayArea@41055602 task null, skipping
02-16 15:18:34.666   664   681 V WindowManager: TaskLaunchParamsModifier:phase=0 task=null activity=null display-area-from-current-params=null display-area-from-default-fallback=DefaultTaskDisplayArea@41055602 display-id=0 task-display-area-windowing-mode=1 suggested-display-area=DefaultTaskDisplayArea@41055602
02-16 15:18:34.668   664   681 V GrammaticalInflectionUtils: AttributionSource: android.content.AttributionSource@ea152eee does not have READ_SYSTEM_GRAMMATICAL_GENDER permission.
02-16 15:18:34.669   664   681 V WindowManager: DesktopModeLaunchParamsModifier: phase= 0 task=null activity=ActivityRecord{221234123 u0 com.kurye.pro/.MainActivity display-area-from-current-params=null display-area-from-default-fallback=DefaultTaskDisplayArea@41055602 display-id=0 task-display-area-windowing-mode=1 suggested-display-area=DefaultTaskDisplayArea@41055602 task null, skipping
02-16 15:18:34.669   664   681 V WindowManager: TaskLaunchParamsModifier:phase=0 task=null activity=ActivityRecord{221234123 u0 com.kurye.pro/.MainActivity t-1} display-area-from-current-params=null display-area-from-default-fallback=DefaultTaskDisplayArea@41055602 display-id=0 task-display-area-windowing-mode=1 suggested-display-area=DefaultTaskDisplayArea@41055602
02-16 15:18:34.669   664   681 V WindowManager: DesktopModeLaunchParamsModifier: phase= 3 task=null activity=ActivityRecord{221234123 u0 com.kurye.pro/.MainActivity t-1} display-area-from-current-params=null display-area-from-default-fallback=DefaultTaskDisplayArea@41055602 display-id=0 task-display-area-windowing-mode=1 suggested-display-area=DefaultTaskDisplayArea@41055602 task null, skipping
02-16 15:18:34.670   664   681 V WindowManager: TaskLaunchParamsModifier:phase=3 task=null activity=ActivityRecord{221234123 u0 com.kurye.pro/.MainActivity t-1} display-area-from-current-params=null display-area-from-default-fallback=DefaultTaskDisplayArea@41055602 display-id=0 task-display-area-windowing-mode=1 suggested-display-area=DefaultTaskDisplayArea@41055602 non-freeform-task-display-area display-area=DefaultTaskDisplayArea@41055602 skip-bounds-fullscreen
02-16 15:18:34.674   664   681 V WindowManager: DesktopModeLaunchParamsModifier: phase= 3 task=Task{50067a8 #33 type=standard A=10229:com.kurye.pro} activity=ActivityRecord{221234123 u0 com.kurye.pro/.MainActivity t-1} display-from-task=0 display-id=0 task-display-area-windowing-mode=1 suggested-display-area=DefaultTaskDisplayArea@41055602 not entering desktop mode, skipping
02-16 15:18:34.674   664   681 V WindowManager: TaskLaunchParamsModifier:phase=3 task=Task{50067a8 #33 type=standard A=10229:com.kurye.pro} activity=ActivityRecord{221234123 u0 com.kurye.pro/.MainActivity t-1} display-from-task=0 display-id=0 task-display-area-windowing-mode=1 suggested-display-area=DefaultTaskDisplayArea@41055602 inherit-from-task=fullscreen non-freeform-task-display-area display-area=DefaultTaskDisplayArea@41055602 skip-bounds-fullscreen
02-16 15:18:34.684   537   595 I libbinder.BpBinder: onLastStrongRef automatically unlinking death recipients for descriptor: '(not cached)'
02-16 15:18:34.687   664   681 I ActivityTaskManager: START u0 {flg=0x10000000 xflg=0x5 cmp=com.kurye.pro/.MainActivity} with LAUNCH_SINGLE_TASK from uid 2000 (com.android.shell) (BAL_ALLOW_PERMISSION) result code=0
02-16 15:18:34.695  1077  1077 D BaseActivity: Launcher flags updated: [state_started|state_resumed|state_deferred_resumed|state_window_focused] -[state_user_active]
02-16 15:18:34.696   664   687 V GrammaticalInflectionUtils: AttributionSource: android.content.AttributionSource@ea152eee does not have READ_SYSTEM_GRAMMATICAL_GENDER permission.
02-16 15:18:34.699  1077  1077 D BaseActivity: Launcher flags updated: [state_started|state_window_focused] -[state_resumed|state_deferred_resumed]
02-16 15:18:34.701  1077  1077 W SplitSelectStateCtor: Missing session instanceIds
02-16 15:18:34.701  1077  1077 D StatsLog: LAUNCHER_SPLIT_SELECTION_EXIT_INTERRUPTED
02-16 15:18:34.704   914   969 V WindowManagerShell: Transition requested (#8): android.os.BinderProxy@63e4183 TransitionRequestInfo { type = OPEN, triggerTask = TaskInfo{userId=0 taskId=33 effectiveUid=10229 displayId=0 isRunning=true baseIntent=Intent { flg=0x10000000 cmp=com.kurye.pro/.MainActivity } baseActivity=ComponentInfo{com.kurye.pro/com.kurye.pro.MainActivity} topActivity=ComponentInfo{com.kurye.pro/com.kurye.pro.MainActivity} origActivity=null realActivity=ComponentInfo{com.kurye.pro/com.kurye.pro.MainActivity} numActivities=1 lastActiveTime=186136 supportsMultiWindow=true resizeMode=1 isResizeable=true minWidth=-1 minHeight=-1 defaultMinSize=220 token=WCT{android.os.BinderProxy@ec9ff00} topActivityType=1 pictureInPictureParams=null shouldDockBigOverlays=false launchIntoPipHostTaskId=-1 lastParentTaskIdBeforePip=-1 displayCutoutSafeInsets=Rect(0, 0 - 0, 0) topActivityInfo=ActivityInfo{1b3c339 com.kurye.pro.MainActivity} launchCookies=[] positionInParent=Point(0, 0) parentTaskId=-1 isFocused=false isVisible=false isVisibleRequested=false isTopActivityNoDisplay=false isSleeping=false locusId=null displayAreaFeatureId=1 isTopActivityTransparent=false isActivityStackTransparent=false lastNonFullscreenBounds=null capturedLink=null capturedLinkTimestamp=0 requestedVisibleTypes=503 topActivityRequestOpenInBrowserEducationTimestamp=0 appCompatTaskInfo=AppCompatTaskInfo { topActivityInSizeCompat=false isLeafTask= true eligibleForLetterboxEducation= false isLetterboxEducationEnabled= true isLetterboxDoubleTapEnabled= false eligibleForUserAspectRatioButton= false topActivityBoundsLetterboxed= false isFromLetterboxDoubleTap= false topActivityLetterboxVerticalPosition= -1 topActivityLetterboxHorizontalPosition= -1 topActivityLetterboxWidth=-1 topActivityLetterboxHeight=-1 topActivityAppBounds=Rect(0, 0 - 1080, 2337) isUserFullscreenOverrideEnabled=false isSystemFullscreenOverrideEnabled=false hasMinAspectRatioOverride=false topActivityLetterboxBounds=null cameraCompatTaskInfo=CameraCompatTaskInfo { cameraCompatMode=undefinedundefined} topNonResizableActivityAspectRatio=-1.0} topActivityMainWindowFrame=null isAppBubble=false}, pipChange = null, remoteTransition = null, displayChange = null, requestedLocation = null, userChange = null, windowingLayerChange = null, flags = 0, debugId = 8 }
02-16 15:18:34.719   469   469 D Zygote  : Forked child process 5462
02-16 15:18:34.719   664   882 V WindowManager: Defer transition id=8 for TaskFragmentTransaction=android.os.Binder@cc85654
02-16 15:18:34.722   664   882 V WindowManager: deferTransitionReady deferReadyDepth=1 stack=com.android.server.wm.TransitionController.deferTransitionReady:1061 com.android.server.wm.TaskFragmentOrganizerController$TaskFragmentOrganizerState.dispatchTransaction:517 com.android.server.wm.TaskFragmentOrganizerController.dispatchPendingEvents:1259 com.android.server.wm.TaskFragmentOrganizerController.dispatchPendingEvents:1228 com.android.server.wm.RootWindowContainer.performSurfacePlacement:777 
02-16 15:18:34.723   914   969 D ShellSplitScreen: logExit: no-op, mLoggerSessionId is null
02-16 15:18:34.724   664   862 D BackgroundInstallControlService: Package event received: 0
02-16 15:18:34.726  1077  1077 D RecentsView: onTaskDisplayChanged: 33, new displayId = 0
02-16 15:18:34.726   664   695 I ActivityManager: Start proc 5462:com.kurye.pro/u0a229 for next-top-activity {com.kurye.pro/com.kurye.pro.MainActivity}
02-16 15:18:34.735  5462  5462 I Zygote  : Process 5462 created for com.kurye.pro
02-16 15:18:34.740  5462  5462 I com.kurye.pro: Late-enabling -Xcheck:jni
02-16 15:18:34.744  1077  1077 D BaseActivity: Launcher flags updated: [state_started] -[state_window_focused]
02-16 15:18:34.754   664   695 W ActivityManager: Slow operation: 58ms so far, now at startProcess: done updating pids map
02-16 15:18:34.759   914   969 V ShellDesktopMode: DesktopTasksController: handleRequest request=TransitionRequestInfo { type = OPEN, triggerTask = TaskInfo{userId=0 taskId=33 effectiveUid=10229 displayId=0 isRunning=true baseIntent=Intent { flg=0x10000000 cmp=com.kurye.pro/.MainActivity } baseActivity=ComponentInfo{com.kurye.pro/com.kurye.pro.MainActivity} topActivity=ComponentInfo{com.kurye.pro/com.kurye.pro.MainActivity} origActivity=null realActivity=ComponentInfo{com.kurye.pro/com.kurye.pro.MainActivity} numActivities=1 lastActiveTime=186136 supportsMultiWindow=true resizeMode=1 isResizeable=true minWidth=-1 minHeight=-1 defaultMinSize=220 token=WCT{android.os.BinderProxy@ec9ff00} topActivityType=1 pictureInPictureParams=null shouldDockBigOverlays=false launchIntoPipHostTaskId=-1 lastParentTaskIdBeforePip=-1 displayCutoutSafeInsets=Rect(0, 0 - 0, 0) topActivityInfo=ActivityInfo{1b3c339 com.kurye.pro.MainActivity} launchCookies=[] positionInParent=Point(0, 0) parentTaskId=-1 isFocused=false isVisible=false isVisibleRequested=false isTopActivityNoDisplay=false isSleeping=false locusId=null displayAreaFeatureId=1 isTopActivityTransparent=false isActivityStackTransparent=false lastNonFullscreenBounds=null capturedLink=null capturedLinkTimestamp=0 requestedVisibleTypes=503 topActivityRequestOpenInBrowserEducationTimestamp=0 appCompatTaskInfo=AppCompatTaskInfo { topActivityInSizeCompat=false isLeafTask= true eligibleForLetterboxEducation= false isLetterboxEducationEnabled= true isLetterboxDoubleTapEnabled= false eligibleForUserAspectRatioButton= false topActivityBoundsLetterboxed= false isFromLetterboxDoubleTap= false topActivityLetterboxVerticalPosition= -1 topActivityLetterboxHorizontalPosition= -1 topActivityLetterboxWidth=-1 topActivityLetterboxHeight=-1 topActivityAppBounds=Rect(0, 0 - 1080, 2337) isUserFullscreenOverrideEnabled=false isSystemFullscreenOverrideEnabled=false hasMinAspectRatioOverride=false topActivityLetterboxBounds=null cameraCompatTaskInfo=CameraCompatTaskInfo { cameraCompatMode=undefinedundefined} topNonResizableActivityAspectRatio=-1.0} topActivityMainWindowFrame=null isAppBubble=false}, pipChange = null, remoteTransition = null, displayChange = null, requestedLocation = null, userChange = null, windowingLayerChange = null, flags = 0, debugId = 8 }
02-16 15:18:34.759   914   969 V ShellDesktopMode: DesktopTasksController: skipping handleRequest reason=triggerTask's display doesn't support desktop mode
02-16 15:18:34.759   664   882 V WindowManager: Continue transition id=8 for TaskFragmentTransaction=android.os.Binder@cc85654
02-16 15:18:34.760   664   882 V WindowManager: continueTransitionReady deferReadyDepth=0 stack=com.android.server.wm.TransitionController.continueTransitionReady:1071 com.android.server.wm.TaskFragmentOrganizerController$TaskFragmentOrganizerState.onTransactionFinished:546 com.android.server.wm.TaskFragmentOrganizerController.onTransactionHandled:740 android.window.ITaskFragmentOrganizerController$Stub.onTransact:225 android.os.Binder.execTransactInternal:1473 
02-16 15:18:34.774   914  1033 D WindowOnBackDispatcher: setTopOnBackInvokedCallback (unwrapped): android.view.ViewRootImpl$$ExternalSyntheticLambda12@28459f5
02-16 15:18:34.775   664   882 D CoreBackPreview: Window{f1e06f2 u0 Splash Screen com.kurye.pro}: Setting back callback OnBackInvokedCallbackInfo{mCallback=android.window.IOnBackInvokedCallback$Stub$Proxy@882c8f9, mPriority=0, mIsAnimationCallback=false, mOverrideBehavior=0}
02-16 15:18:34.775  5462  5462 I com.kurye.pro: Using CollectorTypeCMC GC.
02-16 15:18:34.804   539   562 I adbd    : jdwp connection from 5462
02-16 15:18:34.807   914   969 D WindowManagerShell: setLauncherKeepClearAreaHeight: visible=false, height=495
02-16 15:18:34.807   914   969 D ShellDesktopMode: DesktopRepository: Removes freeform task: taskId=32
02-16 15:18:34.810   914   969 W ShellDesktopMode: DesktopRepository: No display id found for task: taskId=32
02-16 15:18:34.825   914  1345 V WindowManagerShell: onTransitionReady(transaction=2851858285325)
02-16 15:18:34.826   664   684 V WindowManager: Sent Transition (#8) createdAt=02-16 15:18:34.669 via request=TransitionRequestInfo { type = OPEN, triggerTask = TaskInfo{userId=0 taskId=33 effectiveUid=10229 displayId=0 isRunning=true baseIntent=Intent { flg=0x10000000 cmp=com.kurye.pro/.MainActivity } baseActivity=ComponentInfo{com.kurye.pro/com.kurye.pro.MainActivity} topActivity=ComponentInfo{com.kurye.pro/com.kurye.pro.MainActivity} origActivity=null realActivity=ComponentInfo{com.kurye.pro/com.kurye.pro.MainActivity} numActivities=1 lastActiveTime=186136 supportsMultiWindow=true resizeMode=1 isResizeable=true minWidth=-1 minHeight=-1 defaultMinSize=220 token=WCT{RemoteToken{8a81bec Task{50067a8 #33 type=standard A=10229:com.kurye.pro}}} topActivityType=1 pictureInPictureParams=null shouldDockBigOverlays=false launchIntoPipHostTaskId=-1 lastParentTaskIdBeforePip=-1 displayCutoutSafeInsets=Rect(0, 0 - 0, 0) topActivityInfo=ActivityInfo{c9dfbb5 com.kurye.pro.MainActivity} launchCookies=[] positionInParent=Point(0, 0) parentTaskId=-1 isFocused=false isVisible=false isVisibleRequested=false isTopActivityNoDisplay=false isSleeping=false locusId=null displayAreaFeatureId=1 isTopActivityTransparent=false isActivityStackTransparent=false lastNonFullscreenBounds=null capturedLink=null capturedLinkTimestamp=0 requestedVisibleTypes=503 topActivityRequestOpenInBrowserEducationTimestamp=0 appCompatTaskInfo=AppCompatTaskInfo { topActivityInSizeCompat=false isLeafTask= true eligibleForLetterboxEducation= false isLetterboxEducationEnabled= true isLetterboxDoubleTapEnabled= false eligibleForUserAspectRatioButton= false topActivityBoundsLetterboxed= false isFromLetterboxDoubleTap= false topActivityLetterboxVerticalPosition= -1 topActivityLetterboxHorizontalPosition= -1 topActivityLetterboxWidth=-1 topActivityLetterboxHeight=-1 topActivityAppBounds=Rect(0, 0 - 1080, 2337) isUserFullscreenOverrideEnabled=false isSystemFullscreenOverrideEnabled=false hasMinAspectRatioOverride=false topActivityLetterboxBounds=null cameraCompatTaskInfo=CameraCompatTaskInfo { cameraCompatMode=undefinedundefined} topNonResizableActivityAspectRatio=-1.0} topActivityMainWindowFrame=null isAppBubble=false}, pipChange = null, remoteTransition = null, displayChange = null, requestedLocation = null, userChange = null, windowingLayerChange = null, flags = 0, debugId = 8 }
02-16 15:18:34.827   664   684 V WindowManager:     startWCT=WindowContainerTransaction { changes= {} hops= [] errorCallbackToken=null taskFragmentOrganizer=null }
02-16 15:18:34.827   664   684 V WindowManager:     info={id=8 t=OPEN f=0x0 trk=0 r=[0@Point(0, 0)] c=[
02-16 15:18:34.827   664   684 V WindowManager:         {WCT{RemoteToken{8a81bec Task{50067a8 #33 type=standard A=10229:com.kurye.pro}}} m=OPEN f=NONE leash=Surface(name=Task=33#120)/@0x281a03e sb=Rect(0, 0 - 1080, 2400) eb=Rect(0, 0 - 1080, 2400) epz=Point(1080, 2400) d=0 taskParent=-1 winMode=1 userId=0},
02-16 15:18:34.827   664   684 V WindowManager:         {WCT{RemoteToken{19be91f Task{d509f96 #1 type=home}}} m=TO_BACK f=SHOW_WALLPAPER leash=Surface(name=Task=1#44)/@0x81f1c43 sb=Rect(0, 0 - 1080, 2400) eb=Rect(0, 0 - 1080, 2400) epz=Point(1080, 2400) d=0 taskParent=-1 winMode=1 userId=0},
02-16 15:18:34.827   664   684 V WindowManager:         {m=TO_BACK f=IS_WALLPAPER leash=Surface(name=WallpaperWindowToken{e05d0dc}#64)/@0xb727737 sb=Rect(0, 0 - 1080, 2400) eb=Rect(0, 0 - 1080, 2400) epz=Point(1080, 2400) d=0}
02-16 15:18:34.827   664   684 V WindowManager:     ]}
02-16 15:18:34.837   914   969 V ShellTaskOrganizer: Task appeared taskId=33 listener=FullscreenTaskListener
02-16 15:18:34.838   914   969 V ShellTaskOrganizer: Fullscreen Task Appeared: #33
02-16 15:18:34.839   914   969 V WindowManagerShell: onTransitionReady (#8) android.os.BinderProxy@63e4183: {id=8 t=OPEN f=0x0 trk=0 r=[0@Point(0, 0)] c=[
02-16 15:18:34.839   914   969 V WindowManagerShell:         {m=OPEN f=NONE leash=Surface(name=Task=33#120)/@0xb2693c4 sb=Rect(0, 0 - 1080, 2400) eb=Rect(0, 0 - 1080, 2400) epz=Point(1080, 2400) d=0 taskParent=-1 winMode=1 userId=0},
02-16 15:18:34.839   914   969 V WindowManagerShell:         {m=TO_BACK f=SHOW_WALLPAPER leash=Surface(name=Task=1#44)/@0xe0ad2ad sb=Rect(0, 0 - 1080, 2400) eb=Rect(0, 0 - 1080, 2400) epz=Point(1080, 2400) d=0 taskParent=-1 winMode=1 userId=0},
02-16 15:18:34.839   914   969 V WindowManagerShell:         {m=TO_BACK f=IS_WALLPAPER leash=Surface(name=WallpaperWindowToken{e05d0dc}#64)/@0x59a99e2 sb=Rect(0, 0 - 1080, 2400) eb=Rect(0, 0 - 1080, 2400) epz=Point(1080, 2400) d=0}
02-16 15:18:34.839   914   969 V WindowManagerShell:     ]}
02-16 15:18:34.842   914   969 V WindowManagerShell: Playing animation for (#8) android.os.BinderProxy@63e4183@0
02-16 15:18:34.842   914   969 V ShellRecents: RecentsTransitionHandler.startAnimation: no controller found
02-16 15:18:34.843   914   969 V ShellDesktopMode: DesktopMixedTransitionHandler: No pending desktop transition
02-16 15:18:34.843   914   969 V WindowManagerShell: Transition doesn't have explicit remote, search filters for match for {id=8 t=OPEN f=0x0 trk=0 r=[0@Point(0, 0)] c=[{m=OPEN f=NONE leash=Surface(name=Task=33#120)/@0xb2693c4 sb=Rect(0, 0 - 1080, 2400) eb=Rect(0, 0 - 1080, 2400) epz=Point(1080, 2400) d=0 taskParent=-1 winMode=1 userId=0},{m=TO_BACK f=SHOW_WALLPAPER leash=Surface(name=Task=1#44)/@0xe0ad2ad sb=Rect(0, 0 - 1080, 2400) eb=Rect(0, 0 - 1080, 2400) epz=Point(1080, 2400) d=0 taskParent=-1 winMode=1 userId=0},{m=TO_BACK f=IS_WALLPAPER leash=Surface(name=WallpaperWindowToken{e05d0dc}#64)/@0x59a99e2 sb=Rect(0, 0 - 1080, 2400) eb=Rect(0, 0 - 1080, 2400) epz=Point(1080, 2400) d=0}]}
02-16 15:18:34.843   914   969 V WindowManagerShell:  Checking filter Pair{{types=[] flags=0x0] notFlags=0x0 checks=[{atype=undefined independent=true modes=[CLOSE,TO_BACK] flags=IN_TASK_WITH_EMBEDDED_ACTIVITY mustBeTask=false order=ANY topActivity=null launchCookie=null taskFragmentToken=android.os.BinderProxy@857bf8 windowingMode=undefined isCrossDisplayMove=false}]} RemoteTransition { remoteTransition = android.window.IRemoteTransition$Stub$Proxy@e6b88d1, appThread = android.app.IApplicationThread$Stub$Proxy@a1f1f36, debugName = overlayBackTransition }}
02-16 15:18:34.843   914   969 V WindowManagerShell:  Checking filter Pair{{types=[] flags=0x0] notFlags=0x0 checks=[{atype=dream independent=true modes=[OPEN,TO_FRONT] flags=NONE mustBeTask=false order=ANY topActivity=null launchCookie=null windowingMode=undefined isCrossDisplayMove=false},{atype=home independent=true modes=[CLOSE,TO_BACK] flags=NONE mustBeTask=false order=ANY topActivity=null launchCookie=null windowingMode=undefined isCrossDisplayMove=false}]} RemoteTransition { remoteTransition = android.window.IRemoteTransition$Stub$Proxy@486ee37, appThread = android.app.IApplicationThread$Stub$Proxy@f925fa4, debugName = LauncherToDream }}
02-16 15:18:34.844   914   969 V WindowManagerShell:  Checking filter Pair{{types=[] flags=0x0] notFlags=0x100 checks=[{atype=home independent=true modes=[OPEN,TO_FRONT] flags=NONE mustBeTask=false order=TOP topActivity=ComponentInfo{com.google.android.apps.nexuslauncher/com.google.android.apps.nexuslauncher.NexusLauncherActivity} launchCookie=null windowingMode=undefined isCrossDisplayMove=false},{atype=standard independent=true modes=[CLOSE,TO_BACK] flags=NONE mustBeTask=false order=ANY topActivity=null launchCookie=null windowingMode=undefined isCrossDisplayMove=false},{NOT atype=undefined independent=true modes=[] flags=NONE mustBeTask=true order=ANY topActivity=null launchCookie=null customAnim=true windowingMode=undefined isCrossDisplayMove=false}]} RemoteTransition { remoteTransition = android.window.IRemoteTransition$Stub$Proxy@74ee10d, appThread = android.app.IApplicationThread$Stub$Proxy@235f8c2, debugName = QuickstepLaunchHome }}
02-16 15:18:34.844   914   969 V WindowManagerShell:  Checking filter Pair{{types=[OPEN,TO_FRONT] flags=0x0] notFlags=0x0 checks=[{atype=standard independent=true modes=[OPEN,TO_FRONT] flags=NONE mustBeTask=true order=ANY topActivity=null launchCookie=null windowingMode=freeform isCrossDisplayMove=false}]} RemoteTransition { remoteTransition = android.window.IRemoteTransition$Stub$Proxy@ad236d3, appThread = null, debugName = DesktopWindowLimitUnminimize }}
02-16 15:18:34.844   914   969 V WindowManagerShell:  Delegate animation for (#8) to null
02-16 15:18:34.844   914   969 V WindowManagerShell: start default transition animation, info = {id=8 t=OPEN f=0x0 trk=0 r=[0@Point(0, 0)] c=[{m=OPEN f=NONE leash=Surface(name=Task=33#120)/@0xb2693c4 sb=Rect(0, 0 - 1080, 2400) eb=Rect(0, 0 - 1080, 2400) epz=Point(1080, 2400) d=0 taskParent=-1 winMode=1 userId=0},{m=TO_BACK f=SHOW_WALLPAPER leash=Surface(name=Task=1#44)/@0xe0ad2ad sb=Rect(0, 0 - 1080, 2400) eb=Rect(0, 0 - 1080, 2400) epz=Point(1080, 2400) d=0 taskParent=-1 winMode=1 userId=0},{m=TO_BACK f=IS_WALLPAPER leash=Surface(name=WallpaperWindowToken{e05d0dc}#64)/@0x59a99e2 sb=Rect(0, 0 - 1080, 2400) eb=Rect(0, 0 - 1080, 2400) epz=Point(1080, 2400) d=0}]}
02-16 15:18:34.844   914   969 V WindowManagerShell: loadAnimation: anim=android.view.animation.AnimationSet@9aeeca9 animAttr=0x13 type=OPEN isEntrance=false
02-16 15:18:34.844   914   969 V WindowManagerShell: loadAnimation: anim=android.view.animation.AnimationSet@f4c722e animAttr=0x12 type=OPEN isEntrance=true
02-16 15:18:34.850   914   969 V WindowManagerShell:  animated by com.android.wm.shell.transition.DefaultTransitionHandler@70da0ee
02-16 15:18:34.850  1077  1077 D b/417220811: invalidateLoadedTasks - previous requestLoadId: -1
02-16 15:18:34.850  1077  1077 D b/417220811: invalidateLoadedTasks - previous requestLoadId: -1
02-16 15:18:34.850  1077  1077 D b/417220811: invalidateLoadedTasks - previous requestLoadId: -1
02-16 15:18:34.851  1077  1077 D b/417220811: invalidateLoadedTasks - previous requestLoadId: -1
02-16 15:18:34.853  5462  5462 D nativeloader: Load libframework-connectivity-tiramisu-jni.so using APEX ns com_android_tethering for caller /apex/com.android.tethering/javalib/framework-connectivity-t.jar: ok
02-16 15:18:34.856   664   882 W WindowManager: takeTaskSnapshot: taskId=31 not found or not visible
02-16 15:18:34.875   664   862 D BackgroundInstallControlService: Package event received: 0
02-16 15:18:34.893   664   754 D ActivityManager: sync unfroze 4968 com.google.android.apps.photos for 6
02-16 15:18:34.906  5462  5462 D CompatChangeReporter: Compat change id reported: 242716250; UID 10229; state: ENABLED
02-16 15:18:34.921   664   754 W JobServiceContext: Sending onNetworkChanged for a job that isn't started. JobStatus{6fac0e8 #u0a170/605007999 com.google.android.apps.photos/com.google.android.libraries.notifications.entrypoints.scheduled.ScheduledTaskService u=0 s=10170 TIME=-2m54s317ms:-2m54s317ms NET PERIODIC PERSISTED READY}
02-16 15:18:35.075  4968  4972 W oid.apps.photos: userfaultfd: MOVE ioctl seems unsupported: Try again
02-16 15:18:35.081   664  1149 D CompatChangeReporter: Compat change id reported: 311208629; UID 10170; state: ENABLED
02-16 15:18:35.165   914   969 V WindowManagerShell: Transition animation finished (aborted=false), notifying core (#8) android.os.BinderProxy@63e4183@0
02-16 15:18:35.170   664   684 V WindowManager: Finish Transition (#8): created at 02-16 15:18:34.669 collect-started=0.018ms request-sent=17.653ms started=124.923ms ready=148.781ms sent=153.34ms commit=43.023ms finished=500.172ms
02-16 15:18:35.172   914  1227 D WallpaperService: onVisibilityChanged(false): com.android.systemui.wallpapers.ImageWallpaper$CanvasEngine@52598e9
02-16 15:18:35.174  1077  1077 D VRI[NexusLauncherActivity]: visibilityChanged oldVisibility=true newVisibility=false
02-16 15:18:35.182  1077  1077 D NexusLauncherModelDelegate: notifySmartspaceEvent: SmartspaceTargetEvent{mSmartspaceTarget=null, mSmartspaceActionId='null', mEventType=7}
02-16 15:18:35.183   914   969 V WindowManagerShell: Track 0 became idle
02-16 15:18:35.183   914   969 V WindowManagerShell: All active transition animations finished
02-16 15:18:35.188  5462  5462 D nativeloader: Configuring clns-9 for other apk /data/app/~~5gq4C3N3LMK22RCmIY7ulQ==/com.kurye.pro-0HhSrsfJc6HDHN0ny_qxow==/base.apk. target_sdk_version=34, uses_libraries=, library_path=/data/app/~~5gq4C3N3LMK22RCmIY7ulQ==/com.kurye.pro-0HhSrsfJc6HDHN0ny_qxow==/lib/arm64, permitted_path=/data:/mnt/expand:/data/user/0/com.kurye.pro
02-16 15:18:35.218  5462  5462 V GraphicsEnvironment: Currently set values for:
02-16 15:18:35.221  5462  5462 V GraphicsEnvironment:   angle_gl_driver_selection_pkgs=[]
02-16 15:18:35.221  5462  5462 V GraphicsEnvironment:   angle_gl_driver_selection_values=[]
02-16 15:18:35.221  5462  5462 V GraphicsEnvironment: com.kurye.pro is not listed in per-application setting
02-16 15:18:35.221  5462  5462 V GraphicsEnvironment: ANGLE allowlist from config: com.dreamgames.royalmatch com.dts.freefiremax com.dxx.firenow com.gramgames.mergedragons com.ludo.king com.mojang.minecraftpe com.my.defense com.nintendo.zaka com.os.airforce com.playrix.fishdomdd.gplay io.teslatech.callbreak jp.konami.prospia net.peakgames.toonblast
02-16 15:18:35.222  5462  5462 V GraphicsEnvironment: No special selections for ANGLE, returning default driver choice
02-16 15:18:35.222  5462  5462 V GraphicsEnvironment: Neither updatable production driver nor prerelease driver is supported.
02-16 15:18:35.235  5462  5462 I FirebaseApp: Device unlocked: initializing all Firebase APIs for app [DEFAULT]
02-16 15:18:35.237  5462  5462 I FirebaseInitProvider: FirebaseApp initialization successful
02-16 15:18:35.248   664   862 D BackgroundInstallControlService: Package event received: 0
02-16 15:18:35.250   664   862 D BackgroundInstallControlService: Package event received: 0
02-16 15:18:35.252  5462  5491 I DisplayManager: Choreographer implicitly registered for the refresh rate.
02-16 15:18:35.263  5462  5462 D DesktopExperienceFlags: Toggle override initialized to: false
02-16 15:18:35.266  5462  5462 D AppCompatDelegate: Checking for metadata for AppLocalesMetadataHolderService : Service not found
02-16 15:18:35.270  5462  5462 E ashmem  : Pinning is deprecated since Android Q. Please use trim or other methods.
02-16 15:18:35.286  5462  5462 D DesktopModeFlags: Toggle override initialized to: OVERRIDE_UNSET
02-16 15:18:35.296  5462  5462 I com.kurye.pro: hiddenapi: Accessing hidden method Landroid/view/ViewGroup;->makeOptionalFitsSystemWindows()V (runtime_flags=0, domain=platform, api=unsupported) from Landroidx/appcompat/widget/ViewUtils; (domain=app, TargetSdkVersion=34) using reflection: allowed
02-16 15:18:35.304  5462  5462 I WebViewFactory: Loading com.google.android.webview version 134.0.6998.135 (code 699813532)
02-16 15:18:35.306  5462  5462 V ResourcesManager: The following library key has been added: ResourcesKey{ mHash=8ad888fd mResDir=null mSplitDirs=[] mOverlayDirs=[] mLibDirs=[/data/app/~~9skUjwn2vaqELNdflqZ-dg==/com.google.android.webview-3G8B7BN7p1RFFDVJB-l3YQ==/WebViewGoogle.apk,/data/app/~~2WOZ5PtytcKpA0_ysQCbNg==/com.google.android.trichromelibrary_699813532-8no3WzDHzLvpsA_mY4t0Og==/TrichromeLibrary.apk,/system_ext/framework/androidx.window.extensions.jar] mDisplayId=0 mOverrideConfig=v36 mCompatInfo={420dpi always-compat} mLoaders=[]}
02-16 15:18:35.307  5462  5462 W com.kurye.pro: Failed to find entry 'classes.dex': Entry not found
02-16 15:18:35.308  5462  5462 D nativeloader: Configuring clns-10 for other apk /data/app/~~2WOZ5PtytcKpA0_ysQCbNg==/com.google.android.trichromelibrary_699813532-8no3WzDHzLvpsA_mY4t0Og==/TrichromeLibrary.apk. target_sdk_version=35, uses_libraries=ALL, library_path=/data/app/~~9skUjwn2vaqELNdflqZ-dg==/com.google.android.webview-3G8B7BN7p1RFFDVJB-l3YQ==/lib/arm64:/data/app/~~9skUjwn2vaqELNdflqZ-dg==/com.google.android.webview-3G8B7BN7p1RFFDVJB-l3YQ==/WebViewGoogle.apk!/lib/arm64-v8a:/data/app/~~2WOZ5PtytcKpA0_ysQCbNg==/com.google.android.trichromelibrary_699813532-8no3WzDHzLvpsA_mY4t0Og==/TrichromeLibrary.apk!/lib/arm64-v8a, permitted_path=/data:/mnt/expand
02-16 15:18:35.314  5462  5462 D ApplicationLoaders: Returning zygote-cached class loader: /system_ext/framework/androidx.window.extensions.jar
02-16 15:18:35.317  5462  5491 I GFXSTREAM: [eglDisplay.cpp(297)] Opening libGLESv1_CM_emulation.so
02-16 15:18:35.317  5462  5491 I GFXSTREAM: [eglDisplay.cpp(297)] Opening libGLESv2_emulation.so
02-16 15:18:35.319  5462  5462 D nativeloader: Configuring clns-11 for other apk /data/app/~~9skUjwn2vaqELNdflqZ-dg==/com.google.android.webview-3G8B7BN7p1RFFDVJB-l3YQ==/WebViewGoogle.apk. target_sdk_version=35, uses_libraries=, library_path=/data/app/~~9skUjwn2vaqELNdflqZ-dg==/com.google.android.webview-3G8B7BN7p1RFFDVJB-l3YQ==/lib/arm64:/data/app/~~9skUjwn2vaqELNdflqZ-dg==/com.google.android.webview-3G8B7BN7p1RFFDVJB-l3YQ==/WebViewGoogle.apk!/lib/arm64-v8a:/data/app/~~2WOZ5PtytcKpA0_ysQCbNg==/com.google.android.trichromelibrary_699813532-8no3WzDHzLvpsA_mY4t0Og==/TrichromeLibrary.apk!/lib/arm64-v8a, permitted_path=/data:/mnt/expand
02-16 15:18:35.323  5462  5491 W HWUI    : Failed to choose config with EGL_SWAP_BEHAVIOR_PRESERVED, retrying without...
02-16 15:18:35.324  5462  5491 W HWUI    : Failed to initialize 101010-2 format, error = EGL_SUCCESS
02-16 15:18:35.350  5462  5462 I cr_WVCFactoryProvider: version=134.0.6998.135 (699813532) minSdkVersion=29 isBundle=false multiprocess=true packageId=2
02-16 15:18:35.359  5462  5462 D nativeloader: Load /data/app/~~2WOZ5PtytcKpA0_ysQCbNg==/com.google.android.trichromelibrary_699813532-8no3WzDHzLvpsA_mY4t0Og==/TrichromeLibrary.apk!/lib/arm64-v8a/libmonochrome_64.so using class loader ns clns-11 (caller=/data/app/~~9skUjwn2vaqELNdflqZ-dg==/com.google.android.webview-3G8B7BN7p1RFFDVJB-l3YQ==/WebViewGoogle.apk): ok
02-16 15:18:35.365  5462  5462 D nativeloader: Load /system/lib64/libwebviewchromium_plat_support.so using class loader ns clns-11 (caller=/data/app/~~9skUjwn2vaqELNdflqZ-dg==/com.google.android.webview-3G8B7BN7p1RFFDVJB-l3YQ==/WebViewGoogle.apk): ok
02-16 15:18:35.375  5462  5496 E chromium: [0216/151835.373549:ERROR:variations_seed_loader.cc(39)] Seed missing signature.
02-16 15:18:35.377  5462  5496 I chromium: [0216/151835.377290:INFO:variations_seed_loader.cc(67)] Failed to open file for reading.: No such file or directory (2)
02-16 15:18:35.395  5462  5462 I cr_LibraryLoader: Successfully loaded native library
02-16 15:18:35.399  5462  5462 I cr_CachingUmaRecorder: Flushed 6 samples from 6 histograms, 0 samples were dropped.
02-16 15:18:35.406  5462  5462 I cr_CombinedPProvider: #registerProvider() provider:WV.I8@4e8535b isPolicyCacheEnabled:false policyProvidersSize:0
02-16 15:18:35.406   664  1160 D CompatChangeReporter: Compat change id reported: 161145287; UID 10229; state: ENABLED
02-16 15:18:35.410  5462  5462 I cr_PolicyProvider: #setManagerAndSource() 0
02-16 15:18:35.415   664   679 V GrammaticalInflectionUtils: AttributionSource: android.content.AttributionSource@a8bb9fe8 does not have READ_SYSTEM_GRAMMATICAL_GENDER permission.
02-16 15:18:35.421   959   959 D Zygote  : Forked child process 5498
02-16 15:18:35.429  5498  5498 E libc    : SetHeapTaggingLevel: re-enabling tagging after it was disabled is not supported
02-16 15:18:35.434  5498  5498 I Zygote  : Process 5498 created for com.google.android.webview:sandboxed_process0:org.chromium.content.app.SandboxedProcessService0:0
02-16 15:18:35.435  5498  5498 I ocessService0:0: Using CollectorTypeCMC GC.
02-16 15:18:35.443   664   695 I ActivityManager: Start proc 5498:com.google.android.webview:sandboxed_process0:org.chromium.content.app.SandboxedProcessService0:0/u0i3 for  {com.kurye.pro/org.chromium.content.app.SandboxedProcessService0:0}
02-16 15:18:35.443  5498  5498 D nativeloader: Load libframework-connectivity-tiramisu-jni.so using APEX ns com_android_tethering for caller /apex/com.android.tethering/javalib/framework-connectivity-t.jar: ok
02-16 15:18:35.456  5498  5498 D ApplicationLoaders: Returning zygote-cached class loader: /system_ext/framework/androidx.window.extensions.jar
02-16 15:18:35.458  5498  5498 D CompatChangeReporter: Compat change id reported: 202956589; UID 99003; state: ENABLED
02-16 15:18:35.460  5498  5498 I LoadedApk: No resource references to update in package com.google.android.trichromelibrary
02-16 15:18:35.462  5498  5498 I cr_WebViewApkApp: version=134.0.6998.135 (699813532) minSdkVersion=29 isBundle=false processName=com.google.android.webview:sandboxed_process0:org.chromium.content.app.SandboxedProcessService0:0
02-16 15:18:35.464   664   862 D BackgroundInstallControlService: Package event received: 0
02-16 15:18:35.465   664  1160 D CompatChangeReporter: Compat change id reported: 261072174; UID 10229; state: ENABLED
02-16 15:18:35.467  5498  5498 I cr_ChildProcessService: Creating new ChildProcessService pid=5498
02-16 15:18:35.482  5462  5462 I cr_CombinedPProvider: #linkNativeInternal() 1
02-16 15:18:35.483  5462  5462 I cr_AppResProvider: #getApplicationRestrictionsFromUserManager() Bundle[EMPTY_PARCEL]
02-16 15:18:35.483  5462  5462 I cr_PolicyProvider: #notifySettingsAvailable() 0
02-16 15:18:35.483  5462  5462 I cr_CombinedPProvider: #onSettingsAvailable() 0
02-16 15:18:35.483  5462  5462 I cr_CombinedPProvider: #flushPolicies()
02-16 15:18:35.591   664   862 D BackgroundInstallControlService: Package event received: 0
02-16 15:18:35.603   664  1160 D ActivityManager: sync unfroze 3800 com.google.android.webview:webview_service for 6
02-16 15:18:35.605   664  1160 W libbinder.IPCThreadState: Sending oneway calls to frozen process.
02-16 15:18:35.607   664   862 D BackgroundInstallControlService: Package event received: 0
02-16 15:18:35.626  1458  1458 D BoundBrokerSvc: onRebind: Intent { act=com.google.android.gms.safebrowsing.SafeBrowsingService.START dat=chimera-action:/... xflg=0x4 cmp=com.google.android.gms/.chimera.GmsBoundBrokerService }
02-16 15:18:35.638   664  1149 D ConnectivityService: requestNetwork for uid/pid:10229/5462 activeRequest: null callbackRequest: 227 [NetworkRequest [ REQUEST id=228, [ Capabilities: INTERNET&NOT_RESTRICTED&TRUSTED&NOT_VCN_MANAGED&NOT_BANDWIDTH_CONSTRAINED Uid: 10229 RequestorUid: 10229 RequestorPkg: com.kurye.pro UnderlyingNetworks: Null] ]] callback flags: 0 order: 2147483647 isUidTracked: false declaredMethods: AVAIL|LOST|NC|LP
02-16 15:18:35.640   664   810 D WifiNetworkFactory: got request NetworkRequest [ REQUEST id=228, [ Capabilities: INTERNET&NOT_RESTRICTED&TRUSTED&NOT_VCN_MANAGED&NOT_BANDWIDTH_CONSTRAINED Uid: 10229 RequestorUid: 10229 RequestorPkg: com.kurye.pro UnderlyingNetworks: Null] ]
02-16 15:18:35.640   664   810 D UntrustedWifiNetworkFactory: got request NetworkRequest [ REQUEST id=228, [ Capabilities: INTERNET&NOT_RESTRICTED&TRUSTED&NOT_VCN_MANAGED&NOT_BANDWIDTH_CONSTRAINED Uid: 10229 RequestorUid: 10229 RequestorPkg: com.kurye.pro UnderlyingNetworks: Null] ]
02-16 15:18:35.641   664   810 D OemPaidWifiNetworkFactory: got request NetworkRequest [ REQUEST id=228, [ Capabilities: INTERNET&NOT_RESTRICTED&TRUSTED&NOT_VCN_MANAGED&NOT_BANDWIDTH_CONSTRAINED Uid: 10229 RequestorUid: 10229 RequestorPkg: com.kurye.pro UnderlyingNetworks: Null] ]
02-16 15:18:35.641   664   810 D MultiInternetWifiNetworkFactory: got request NetworkRequest [ REQUEST id=228, [ Capabilities: INTERNET&NOT_RESTRICTED&TRUSTED&NOT_VCN_MANAGED&NOT_BANDWIDTH_CONSTRAINED Uid: 10229 RequestorUid: 10229 RequestorPkg: com.kurye.pro UnderlyingNetworks: Null] ]
02-16 15:18:35.641   664   816 D ConnectivityService: NetReassign [228 : null → 100] [c 1] [a 0] [i 3]
02-16 15:18:35.643   664   816 D ConnectivityService: NetReassign [no changes] [c 0] [a 1] [i 1]
02-16 15:18:35.669  5462  5462 D Capacitor: Starting BridgeActivity
02-16 15:18:35.675  5462  5462 D Capacitor: Registering plugin instance: CapacitorCookies
02-16 15:18:35.676  5462  5462 D Capacitor: Registering plugin instance: WebView
02-16 15:18:35.676  5462  5462 D Capacitor: Registering plugin instance: CapacitorHttp
02-16 15:18:35.677  5462  5462 D Capacitor: Registering plugin instance: FirebaseAuthentication
02-16 15:18:35.680  5462  5462 D AndroidRuntime: Shutting down VM
--------- beginning of crash
02-16 15:18:35.682  5462  5462 E AndroidRuntime: FATAL EXCEPTION: main
02-16 15:18:35.682  5462  5462 E AndroidRuntime: Process: com.kurye.pro, PID: 5462
02-16 15:18:35.682  5462  5462 E AndroidRuntime: java.lang.NoClassDefFoundError: Failed resolution of: Lcom/google/android/gms/auth/api/signin/GoogleSignIn;
02-16 15:18:35.682  5462  5462 E AndroidRuntime: 	at io.capawesome.capacitorjs.plugins.firebase.authentication.handlers.GoogleAuthProviderHandler.buildGoogleSignInClient(GoogleAuthProviderHandler.java:123)
02-16 15:18:35.682  5462  5462 E AndroidRuntime: 	at io.capawesome.capacitorjs.plugins.firebase.authentication.handlers.GoogleAuthProviderHandler.buildGoogleSignInClient(GoogleAuthProviderHandler.java:107)
02-16 15:18:35.682  5462  5462 E AndroidRuntime: 	at io.capawesome.capacitorjs.plugins.firebase.authentication.handlers.GoogleAuthProviderHandler.<init>(GoogleAuthProviderHandler.java:36)
02-16 15:18:35.682  5462  5462 E AndroidRuntime: 	at io.capawesome.capacitorjs.plugins.firebase.authentication.FirebaseAuthentication.initAuthProviderHandlers(FirebaseAuthentication.java:935)
02-16 15:18:35.682  5462  5462 E AndroidRuntime: 	at io.capawesome.capacitorjs.plugins.firebase.authentication.FirebaseAuthentication.<init>(FirebaseAuthentication.java:68)
02-16 15:18:35.682  5462  5462 E AndroidRuntime: 	at io.capawesome.capacitorjs.plugins.firebase.authentication.FirebaseAuthenticationPlugin.load(FirebaseAuthenticationPlugin.java:71)
02-16 15:18:35.682  5462  5462 E AndroidRuntime: 	at com.getcapacitor.PluginHandle.loadInstance(PluginHandle.java:115)
02-16 15:18:35.682  5462  5462 E AndroidRuntime: 	at com.getcapacitor.PluginHandle.load(PluginHandle.java:105)
02-16 15:18:35.682  5462  5462 E AndroidRuntime: 	at com.getcapacitor.PluginHandle.<init>(PluginHandle.java:65)
02-16 15:18:35.682  5462  5462 E AndroidRuntime: 	at com.getcapacitor.Bridge.registerPlugin(Bridge.java:685)
02-16 15:18:35.682  5462  5462 E AndroidRuntime: 	at com.getcapacitor.Bridge.registerAllPlugins(Bridge.java:641)
02-16 15:18:35.682  5462  5462 E AndroidRuntime: 	at com.getcapacitor.Bridge.<init>(Bridge.java:226)
02-16 15:18:35.682  5462  5462 E AndroidRuntime: 	at com.getcapacitor.Bridge.<init>(Unknown Source:0)
02-16 15:18:35.682  5462  5462 E AndroidRuntime: 	at com.getcapacitor.Bridge$Builder.create(Bridge.java:1560)
02-16 15:18:35.682  5462  5462 E AndroidRuntime: 	at com.getcapacitor.BridgeActivity.load(BridgeActivity.java:48)
02-16 15:18:35.682  5462  5462 E AndroidRuntime: 	at com.getcapacitor.BridgeActivity.onCreate(BridgeActivity.java:42)
02-16 15:18:35.682  5462  5462 E AndroidRuntime: 	at android.app.Activity.performCreate(Activity.java:9306)
02-16 15:18:35.682  5462  5462 E AndroidRuntime: 	at android.app.Activity.performCreate(Activity.java:9284)
02-16 15:18:35.682  5462  5462 E AndroidRuntime: 	at android.app.Instrumentation.callActivityOnCreate(Instrumentation.java:1541)
02-16 15:18:35.682  5462  5462 E AndroidRuntime: 	at android.app.ActivityThread.performLaunchActivity(ActivityThread.java:4480)
02-16 15:18:35.682  5462  5462 E AndroidRuntime: 	at android.app.ActivityThread.handleLaunchActivity(ActivityThread.java:4699)
02-16 15:18:35.682  5462  5462 E AndroidRuntime: 	at android.app.servertransaction.LaunchActivityItem.execute(LaunchActivityItem.java:224)
02-16 15:18:35.682  5462  5462 E AndroidRuntime: 	at android.app.servertransaction.TransactionExecutor.executeNonLifecycleItem(TransactionExecutor.java:133)
02-16 15:18:35.682  5462  5462 E AndroidRuntime: 	at android.app.servertransaction.TransactionExecutor.executeTransactionItems(TransactionExecutor.java:103)
02-16 15:18:35.682  5462  5462 E AndroidRuntime: 	at android.app.servertransaction.TransactionExecutor.execute(TransactionExecutor.java:80)
02-16 15:18:35.682  5462  5462 E AndroidRuntime: 	at android.app.ActivityThread$H.handleMessage(ActivityThread.java:2961)
02-16 15:18:35.682  5462  5462 E AndroidRuntime: 	at android.os.Handler.dispatchMessage(Handler.java:132)
02-16 15:18:35.682  5462  5462 E AndroidRuntime: 	at android.os.Looper.dispatchMessage(Looper.java:333)
02-16 15:18:35.682  5462  5462 E AndroidRuntime: 	at android.os.Looper.loopOnce(Looper.java:263)
02-16 15:18:35.682  5462  5462 E AndroidRuntime: 	at android.os.Looper.loop(Looper.java:367)
02-16 15:18:35.682  5462  5462 E AndroidRuntime: 	at android.app.ActivityThread.main(ActivityThread.java:9287)
02-16 15:18:35.682  5462  5462 E AndroidRuntime: 	at java.lang.reflect.Method.invoke(Native Method)
02-16 15:18:35.682  5462  5462 E AndroidRuntime: 	at com.android.internal.os.RuntimeInit$MethodAndArgsCaller.run(RuntimeInit.java:566)
02-16 15:18:35.682  5462  5462 E AndroidRuntime: 	at com.android.internal.os.ZygoteInit.main(ZygoteInit.java:929)
02-16 15:18:35.682  5462  5462 E AndroidRuntime: Caused by: java.lang.ClassNotFoundException: Didn't find class "com.google.android.gms.auth.api.signin.GoogleSignIn" on path: DexPathList[[zip file "/data/app/~~5gq4C3N3LMK22RCmIY7ulQ==/com.kurye.pro-0HhSrsfJc6HDHN0ny_qxow==/base.apk"],nativeLibraryDirectories=[/data/app/~~5gq4C3N3LMK22RCmIY7ulQ==/com.kurye.pro-0HhSrsfJc6HDHN0ny_qxow==/lib/arm64, /system/lib64, /system_ext/lib64]]
02-16 15:18:35.682  5462  5462 E AndroidRuntime: 	at dalvik.system.BaseDexClassLoader.findClass(BaseDexClassLoader.java:259)
02-16 15:18:35.682  5462  5462 E AndroidRuntime: 	at java.lang.ClassLoader.loadClass(ClassLoader.java:642)
02-16 15:18:35.682  5462  5462 E AndroidRuntime: 	at java.lang.ClassLoader.loadClass(ClassLoader.java:578)
02-16 15:18:35.682  5462  5462 E AndroidRuntime: 	... 34 more
02-16 15:18:35.689   664  5533 I DropBoxManagerService: add tag=data_app_crash isTagEnabled=true flags=0x2
02-16 15:18:35.693   664  1160 W ActivityTaskManager:   Force finishing activity com.kurye.pro/.MainActivity
02-16 15:18:35.694   664  1160 W TransitionChain: Combining AR.finish-force-crash into #9(CLOSE|R|0x10) from finishTopCrash
02-16 15:18:35.694   914   969 V WindowManagerShell: Transition requested (#9): android.os.BinderProxy@becbbeb TransitionRequestInfo { type = CLOSE, triggerTask = TaskInfo{userId=0 taskId=33 effectiveUid=10229 displayId=0 isRunning=true baseIntent=Intent { flg=0x10000000 cmp=com.kurye.pro/.MainActivity } baseActivity=ComponentInfo{com.kurye.pro/com.kurye.pro.MainActivity} topActivity=ComponentInfo{com.kurye.pro/com.kurye.pro.MainActivity} origActivity=null realActivity=ComponentInfo{com.kurye.pro/com.kurye.pro.MainActivity} numActivities=1 lastActiveTime=186695 supportsMultiWindow=true resizeMode=1 isResizeable=true minWidth=-1 minHeight=-1 defaultMinSize=220 token=WCT{android.os.BinderProxy@ec9ff00} topActivityType=1 pictureInPictureParams=null shouldDockBigOverlays=false launchIntoPipHostTaskId=-1 lastParentTaskIdBeforePip=-1 displayCutoutSafeInsets=Rect(0, 0 - 0, 0) topActivityInfo=ActivityInfo{7cfcd48 com.kurye.pro.MainActivity} launchCookies=[] positionInParent=Point(0, 0) parentTaskId=-1 isFocused=true isVisible=true isVisibleRequested=true isTopActivityNoDisplay=false isSleeping=false locusId=null displayAreaFeatureId=1 isTopActivityTransparent=false isActivityStackTransparent=false lastNonFullscreenBounds=null capturedLink=null capturedLinkTimestamp=0 requestedVisibleTypes=503 topActivityRequestOpenInBrowserEducationTimestamp=0 appCompatTaskInfo=AppCompatTaskInfo { topActivityInSizeCompat=false isLeafTask= true eligibleForLetterboxEducation= false isLetterboxEducationEnabled= true isLetterboxDoubleTapEnabled= false eligibleForUserAspectRatioButton= false topActivityBoundsLetterboxed= false isFromLetterboxDoubleTap= false topActivityLetterboxVerticalPosition= -1 topActivityLetterboxHorizontalPosition= -1 topActivityLetterboxWidth=-1 topActivityLetterboxHeight=-1 topActivityAppBounds=Rect(0, 0 - 1080, 2337) isUserFullscreenOverrideEnabled=false isSystemFullscreenOverrideEnabled=false hasMinAspectRatioOverride=false topActivityLetterboxBounds=null cameraCompatTaskInfo=CameraCompatTaskInfo { cameraCompatMode=undefinedundefined} topNonResizableActivityAspectRatio=-1.0} topActivityMainWindowFrame=null isAppBubble=false}, pipChange = null, remoteTransition = null, displayChange = null, requestedLocation = null, userChange = null, windowingLayerChange = null, flags = 16, debugId = 9 }
02-16 15:18:35.695   914   969 V ShellDesktopMode: DesktopTasksController: handleRequest request=TransitionRequestInfo { type = CLOSE, triggerTask = TaskInfo{userId=0 taskId=33 effectiveUid=10229 displayId=0 isRunning=true baseIntent=Intent { flg=0x10000000 cmp=com.kurye.pro/.MainActivity } baseActivity=ComponentInfo{com.kurye.pro/com.kurye.pro.MainActivity} topActivity=ComponentInfo{com.kurye.pro/com.kurye.pro.MainActivity} origActivity=null realActivity=ComponentInfo{com.kurye.pro/com.kurye.pro.MainActivity} numActivities=1 lastActiveTime=186695 supportsMultiWindow=true resizeMode=1 isResizeable=true minWidth=-1 minHeight=-1 defaultMinSize=220 token=WCT{android.os.BinderProxy@ec9ff00} topActivityType=1 pictureInPictureParams=null shouldDockBigOverlays=false launchIntoPipHostTaskId=-1 lastParentTaskIdBeforePip=-1 displayCutoutSafeInsets=Rect(0, 0 - 0, 0) topActivityInfo=ActivityInfo{7cfcd48 com.kurye.pro.MainActivity} launchCookies=[] positionInParent=Point(0, 0) parentTaskId=-1 isFocused=true isVisible=true isVisibleRequested=true isTopActivityNoDisplay=false isSleeping=false locusId=null displayAreaFeatureId=1 isTopActivityTransparent=false isActivityStackTransparent=false lastNonFullscreenBounds=null capturedLink=null capturedLinkTimestamp=0 requestedVisibleTypes=503 topActivityRequestOpenInBrowserEducationTimestamp=0 appCompatTaskInfo=AppCompatTaskInfo { topActivityInSizeCompat=false isLeafTask= true eligibleForLetterboxEducation= false isLetterboxEducationEnabled= true isLetterboxDoubleTapEnabled= false eligibleForUserAspectRatioButton= false topActivityBoundsLetterboxed= false isFromLetterboxDoubleTap= false topActivityLetterboxVerticalPosition= -1 topActivityLetterboxHorizontalPosition= -1 topActivityLetterboxWidth=-1 topActivityLetterboxHeight=-1 topActivityAppBounds=Rect(0, 0 - 1080, 2337) isUserFullscreenOverrideEnabled=false isSystemFullscreenOverrideEnabled=false hasMinAspectRatioOverride=false topActivityLetterboxBounds=null cameraCompatTaskInfo=CameraCompatTaskInfo { cameraCompatMode=undefinedundefined} topNonResizableActivityAspectRatio=-1.0} topActivityMainWindowFrame=null isAppBubble=false}, pipChange = null, remoteTransition = null, displayChange = null, requestedLocation = null, userChange = null, windowingLayerChange = null, flags = 16, debugId = 9 }
02-16 15:18:35.695   914   969 V ShellDesktopMode: DesktopTasksController: skipping handleRequest reason=triggerTask's display doesn't support desktop mode
02-16 15:18:35.695   537   595 I libbinder.BpBinder: onLastStrongRef automatically unlinking death recipients for descriptor: '(not cached)'
02-16 15:18:35.696  1077  1077 D VRI[NexusLauncherActivity]: visibilityChanged oldVisibility=false newVisibility=true
02-16 15:18:35.697   664  1160 V WindowManager: Defer transition id=9 for TaskFragmentTransaction=android.os.Binder@be9d3c
02-16 15:18:35.697   664  1160 V WindowManager: deferTransitionReady deferReadyDepth=1 stack=com.android.server.wm.TransitionController.deferTransitionReady:1061 com.android.server.wm.TaskFragmentOrganizerController$TaskFragmentOrganizerState.dispatchTransaction:517 com.android.server.wm.TaskFragmentOrganizerController.dispatchPendingEvents:1259 com.android.server.wm.TaskFragmentOrganizerController.dispatchPendingEvents:1228 com.android.server.wm.RootWindowContainer.performSurfacePlacement:777 
02-16 15:18:35.698   664   816 D InetDiagMessage: Destroyed 0 sockets, proto=IPPROTO_TCP, family=AF_INET, states=14
02-16 15:18:35.698   664   816 D InetDiagMessage: Destroyed 0 sockets, proto=IPPROTO_TCP, family=AF_INET6, states=14
02-16 15:18:35.698   664   816 D InetDiagMessage: Destroyed live tcp sockets for uids={10144} in 5ms
02-16 15:18:35.699   664   816 D InetDiagMessage: Destroyed 0 sockets, proto=IPPROTO_TCP, family=AF_INET, states=14
02-16 15:18:35.699   664   816 D InetDiagMessage: Destroyed 0 sockets, proto=IPPROTO_TCP, family=AF_INET6, states=14
02-16 15:18:35.699   664   816 D InetDiagMessage: Destroyed live tcp sockets for uids={20144} in 0ms
02-16 15:18:35.700   664   685 I ActivityManager: Showing crash dialog for package com.kurye.pro u0
02-16 15:18:35.712  1077  1077 D NexusLauncherModelDelegate: notifySmartspaceEvent: SmartspaceTargetEvent{mSmartspaceTarget=null, mSmartspaceActionId='null', mEventType=6}
02-16 15:18:35.723   914  1227 D WallpaperService: onVisibilityChanged(true): com.android.systemui.wallpapers.ImageWallpaper$CanvasEngine@52598e9
02-16 15:18:35.738  1077  1077 D b/417220811: invalidateLoadedTasks - previous requestLoadId: -1
02-16 15:18:35.739   664   685 D WindowOnBackDispatcher: setTopOnBackInvokedCallback (unwrapped): android.app.Dialog$$ExternalSyntheticLambda2@2fb43d2
02-16 15:18:35.739   664   685 D CoreBackPreview: Window{7b3ea6e u0 Application Error: com.kurye.pro}: Setting back callback OnBackInvokedCallbackInfo{mCallback=android.window.WindowOnBackInvokedDispatcher$OnBackInvokedCallbackWrapper@a120ca3, mPriority=-1, mIsAnimationCallback=false, mOverrideBehavior=0}
02-16 15:18:35.739   664  1149 V WindowManager: Continue transition id=9 for TaskFragmentTransaction=android.os.Binder@be9d3c
02-16 15:18:35.739   664  1149 V WindowManager: continueTransitionReady deferReadyDepth=0 stack=com.android.server.wm.TransitionController.continueTransitionReady:1071 com.android.server.wm.TaskFragmentOrganizerController$TaskFragmentOrganizerState.onTransactionFinished:546 com.android.server.wm.TaskFragmentOrganizerController.onTransactionHandled:740 android.window.ITaskFragmentOrganizerController$Stub.onTransact:225 android.os.Binder.execTransactInternal:1473 
02-16 15:18:35.749  1077  1325 E FrameEvents: addRelease: Did not find frame.
02-16 15:18:35.823  1458  4775 I RecoverableKeyStoreGms: [FolsomSyncManager] Starting sync for event: SYNC_PERIODIC
02-16 15:18:35.824   664   679 I RecoverySnapshotStorage: Snapshot for uid 10155 not found
02-16 15:18:35.828  1305  3734 I NetworkScheduler.Stats: (REDACTED) Task %s/%s started execution. cause:%s exec_start_elapsed_seconds: %s
02-16 15:18:35.837  1458  4775 I RecoverableKeyStoreGms: [KeySyncController] Snapshot is null
02-16 15:18:35.874  1305  5300 I NetworkScheduler.Stats: (REDACTED) Task %s/%s finished executing. cause:%s result: %s elapsed_millis: %s uptime_millis: %s exec_start_elapsed_seconds: %s
02-16 15:18:36.194   664   687 W ActivityTaskManager: Activity top resumed state loss timeout for ActivityRecord{221234123 u0 com.kurye.pro/.MainActivity t33 f}}
02-16 15:18:36.196   664   687 W ActivityTaskManager: Activity pause timeout for ActivityRecord{221234123 u0 com.kurye.pro/.MainActivity t33 f}}
02-16 15:18:36.198  1077  1077 D BaseActivity: Launcher flags updated: [state_started|state_resumed|state_user_active] +[state_resumed|state_user_active]
02-16 15:18:36.198  1077  1077 D BaseActivity: Launcher flags updated: [state_started|state_resumed|state_deferred_resumed|state_user_active] +[state_deferred_resumed]
02-16 15:18:36.198  1077  1077 D StatsLog: LAUNCHER_ONRESUME
02-16 15:18:36.200  1077  1104 D QuickstepModelDelegate: notifyAppTargetEvent action=1 launchLocation=workspace/0/[-1,-1]/[1,1]
02-16 15:18:36.200   914   969 D WindowManagerShell: setLauncherKeepClearAreaHeight: visible=true, height=495
02-16 15:18:36.201  1507  1697 I AiAiEcho: Predicting[0]:  [CONTEXT sampling_count=5 ]
02-16 15:18:36.202  1507  1697 I AiAiEcho: EchoTargets: 
02-16 15:18:36.202  1507  1697 I AiAiEcho: Filtered by AiAi flag check: 
02-16 15:18:36.202  1507  1697 I AiAiEcho: [CONTEXT ratelimit_period="10 SECONDS" ]
02-16 15:18:36.203  1507  1697 I AiAiEcho: #remoteViewsTwiddler: feature disabled.
02-16 15:18:36.205  1507  1697 I AiAiEcho: #postPredictionTargets: Sending updates to UISurface home with targets# 0 (types=[])
02-16 15:18:36.206   914  1345 V WindowManagerShell: onTransitionReady(transaction=2851858285464)
02-16 15:18:36.208   914   969 V WindowManagerShell: onTransitionReady (#9) android.os.BinderProxy@becbbeb: {id=9 t=CLOSE f=0x10 trk=0 r=[0@Point(0, 0)] c=[
02-16 15:18:36.208   914   969 V WindowManagerShell:         {m=TO_FRONT f=SHOW_WALLPAPER|MOVE_TO_TOP leash=Surface(name=Task=1#44)/@0x1b687e1 sb=Rect(0, 0 - 1080, 2400) eb=Rect(0, 0 - 1080, 2400) epz=Point(1080, 2400) d=0 taskParent=-1 winMode=1 userId=0},
02-16 15:18:36.208   914   969 V WindowManagerShell:         {m=CLOSE f=NONE leash=Surface(name=Task=33#120)/@0x1249906 sb=Rect(0, 0 - 1080, 2400) eb=Rect(0, 0 - 1080, 2400) epz=Point(1080, 2400) d=0 taskParent=-1 winMode=1 userId=0},
02-16 15:18:36.208   914   969 V WindowManagerShell:         {m=TO_FRONT f=IS_WALLPAPER leash=Surface(name=WallpaperWindowToken{e05d0dc}#64)/@0x3d92bc7 sb=Rect(0, 0 - 1080, 2400) eb=Rect(0, 0 - 1080, 2400) epz=Point(1080, 2400) d=0}
02-16 15:18:36.208   914   969 V WindowManagerShell:     ]}
02-16 15:18:36.208   914   969 V WindowManagerShell: Playing animation for (#9) android.os.BinderProxy@becbbeb@0
02-16 15:18:36.208   914   969 V ShellRecents: RecentsTransitionHandler.startAnimation: no controller found
02-16 15:18:36.209   914   969 V ShellDesktopMode: DesktopMixedTransitionHandler: No pending desktop transition
02-16 15:18:36.209   914   969 V WindowManagerShell: Transition doesn't have explicit remote, search filters for match for {id=9 t=CLOSE f=0x10 trk=0 r=[0@Point(0, 0)] c=[{m=TO_FRONT f=SHOW_WALLPAPER|MOVE_TO_TOP leash=Surface(name=Task=1#44)/@0x1b687e1 sb=Rect(0, 0 - 1080, 2400) eb=Rect(0, 0 - 1080, 2400) epz=Point(1080, 2400) d=0 taskParent=-1 winMode=1 userId=0},{m=CLOSE f=NONE leash=Surface(name=Task=33#120)/@0x1249906 sb=Rect(0, 0 - 1080, 2400) eb=Rect(0, 0 - 1080, 2400) epz=Point(1080, 2400) d=0 taskParent=-1 winMode=1 userId=0},{m=TO_FRONT f=IS_WALLPAPER leash=Surface(name=WallpaperWindowToken{e05d0dc}#64)/@0x3d92bc7 sb=Rect(0, 0 - 1080, 2400) eb=Rect(0, 0 - 1080, 2400) epz=Point(1080, 2400) d=0}]}
02-16 15:18:36.209   914   969 V WindowManagerShell:  Checking filter Pair{{types=[] flags=0x0] notFlags=0x0 checks=[{atype=undefined independent=true modes=[CLOSE,TO_BACK] flags=IN_TASK_WITH_EMBEDDED_ACTIVITY mustBeTask=false order=ANY topActivity=null launchCookie=null taskFragmentToken=android.os.BinderProxy@857bf8 windowingMode=undefined isCrossDisplayMove=false}]} RemoteTransition { remoteTransition = android.window.IRemoteTransition$Stub$Proxy@e6b88d1, appThread = android.app.IApplicationThread$Stub$Proxy@a1f1f36, debugName = overlayBackTransition }}
02-16 15:18:36.209   914   969 V WindowManagerShell:  Checking filter Pair{{types=[] flags=0x0] notFlags=0x0 checks=[{atype=dream independent=true modes=[OPEN,TO_FRONT] flags=NONE mustBeTask=false order=ANY topActivity=null launchCookie=null windowingMode=undefined isCrossDisplayMove=false},{atype=home independent=true modes=[CLOSE,TO_BACK] flags=NONE mustBeTask=false order=ANY topActivity=null launchCookie=null windowingMode=undefined isCrossDisplayMove=false}]} RemoteTransition { remoteTransition = android.window.IRemoteTransition$Stub$Proxy@486ee37, appThread = android.app.IApplicationThread$Stub$Proxy@f925fa4, debugName = LauncherToDream }}
02-16 15:18:36.209   914   969 V WindowManagerShell:  Checking filter Pair{{types=[] flags=0x0] notFlags=0x100 checks=[{atype=home independent=true modes=[OPEN,TO_FRONT] flags=NONE mustBeTask=false order=TOP topActivity=ComponentInfo{com.google.android.apps.nexuslauncher/com.google.android.apps.nexuslauncher.NexusLauncherActivity} launchCookie=null windowingMode=undefined isCrossDisplayMove=false},{atype=standard independent=true modes=[CLOSE,TO_BACK] flags=NONE mustBeTask=false order=ANY topActivity=null launchCookie=null windowingMode=undefined isCrossDisplayMove=false},{NOT atype=undefined independent=true modes=[] flags=NONE mustBeTask=true order=ANY topActivity=null launchCookie=null customAnim=true windowingMode=undefined isCrossDisplayMove=false}]} RemoteTransition { remoteTransition = android.window.IRemoteTransition$Stub$Proxy@74ee10d, appThread = android.app.IApplicationThread$Stub$Proxy@235f8c2, debugName = QuickstepLaunchHome }}
02-16 15:18:36.209   914   969 D RemoteTransitionHandler: Found filterPair{{types=[] flags=0x0] notFlags=0x100 checks=[{atype=home independent=true modes=[OPEN,TO_FRONT] flags=NONE mustBeTask=false order=TOP topActivity=ComponentInfo{com.google.android.apps.nexuslauncher/com.google.android.apps.nexuslauncher.NexusLauncherActivity} launchCookie=null windowingMode=undefined isCrossDisplayMove=false},{atype=standard independent=true modes=[CLOSE,TO_BACK] flags=NONE mustBeTask=false order=ANY topActivity=null launchCookie=null windowingMode=undefined isCrossDisplayMove=false},{NOT atype=undefined independent=true modes=[] flags=NONE mustBeTask=true order=ANY topActivity=null launchCookie=null customAnim=true windowingMode=undefined isCrossDisplayMove=false}]} RemoteTransition { remoteTransition = android.window.IRemoteTransition$Stub$Proxy@74ee10d, appThread = android.app.IApplicationThread$Stub$Proxy@235f8c2, debugName = QuickstepLaunchHome }}
02-16 15:18:36.209   914   969 V WindowManagerShell:  Delegate animation for (#9) to RemoteTransition { remoteTransition = android.window.IRemoteTransition$Stub$Proxy@74ee10d, appThread = android.app.IApplicationThread$Stub$Proxy@235f8c2, debugName = QuickstepLaunchHome }
02-16 15:18:36.216  1077  1077 D SsBaseTemplateCard: Passed-in item info is null
02-16 15:18:36.216  1077  1077 D SsBaseTemplateCard: Passed-in item info is null
02-16 15:18:36.216  1077  1077 D SsBaseTemplateCard: Passed-in item info is null
02-16 15:18:36.216  1077  1077 D SsBaseTemplateCard: Passed-in item info is null
02-16 15:18:36.216  1077  1077 I SsBaseTemplateCard: Secondary card pane is null
02-16 15:18:36.218   664   684 V WindowManager: Sent Transition (#9) createdAt=02-16 15:18:35.693 via request=TransitionRequestInfo { type = CLOSE, triggerTask = TaskInfo{userId=0 taskId=33 effectiveUid=10229 displayId=0 isRunning=true baseIntent=Intent { flg=0x10000000 cmp=com.kurye.pro/.MainActivity } baseActivity=ComponentInfo{com.kurye.pro/com.kurye.pro.MainActivity} topActivity=ComponentInfo{com.kurye.pro/com.kurye.pro.MainActivity} origActivity=null realActivity=ComponentInfo{com.kurye.pro/com.kurye.pro.MainActivity} numActivities=1 lastActiveTime=186695 supportsMultiWindow=true resizeMode=1 isResizeable=true minWidth=-1 minHeight=-1 defaultMinSize=220 token=WCT{RemoteToken{8a81bec Task{50067a8 #33 type=standard A=10229:com.kurye.pro}}} topActivityType=1 pictureInPictureParams=null shouldDockBigOverlays=false launchIntoPipHostTaskId=-1 lastParentTaskIdBeforePip=-1 displayCutoutSafeInsets=Rect(0, 0 - 0, 0) topActivityInfo=ActivityInfo{c9dfbb5 com.kurye.pro.MainActivity} launchCookies=[] positionInParent=Point(0, 0) parentTaskId=-1 isFocused=true isVisible=true isVisibleRequested=true isTopActivityNoDisplay=false isSleeping=false locusId=null displayAreaFeatureId=1 isTopActivityTransparent=false isActivityStackTransparent=false lastNonFullscreenBounds=null capturedLink=null capturedLinkTimestamp=0 requestedVisibleTypes=503 topActivityRequestOpenInBrowserEducationTimestamp=0 appCompatTaskInfo=AppCompatTaskInfo { topActivityInSizeCompat=false isLeafTask= true eligibleForLetterboxEducation= false isLetterboxEducationEnabled= true isLetterboxDoubleTapEnabled= false eligibleForUserAspectRatioButton= false topActivityBoundsLetterboxed= false isFromLetterboxDoubleTap= false topActivityLetterboxVerticalPosition= -1 topActivityLetterboxHorizontalPosition= -1 topActivityLetterboxWidth=-1 topActivityLetterboxHeight=-1 topActivityAppBounds=Rect(0, 0 - 1080, 2337) isUserFullscreenOverrideEnabled=false isSystemFullscreenOverrideEnabled=false hasMinAspectRatioOverride=false topActivityLetterboxBounds=null cameraCompatTaskInfo=CameraCompatTaskInfo { cameraCompatMode=undefinedundefined} topNonResizableActivityAspectRatio=-1.0} topActivityMainWindowFrame=null isAppBubble=false}, pipChange = null, remoteTransition = null, displayChange = null, requestedLocation = null, userChange = null, windowingLayerChange = null, flags = 16, debugId = 9 }
02-16 15:18:36.219   664   684 V WindowManager:     startWCT=WindowContainerTransaction { changes= {} hops= [] errorCallbackToken=null taskFragmentOrganizer=null }
02-16 15:18:36.219   664   684 V WindowManager:     info={id=9 t=CLOSE f=0x10 trk=0 r=[0@Point(0, 0)] c=[
02-16 15:18:36.219   664   684 V WindowManager:         {WCT{RemoteToken{19be91f Task{d509f96 #1 type=home}}} m=TO_FRONT f=SHOW_WALLPAPER|MOVE_TO_TOP leash=Surface(name=Task=1#44)/@0x81f1c43 sb=Rect(0, 0 - 1080, 2400) eb=Rect(0, 0 - 1080, 2400) epz=Point(1080, 2400) d=0 taskParent=-1 winMode=1 userId=0},
02-16 15:18:36.219   664   684 V WindowManager:         {WCT{RemoteToken{8a81bec Task{50067a8 #33 type=standard A=10229:com.kurye.pro}}} m=CLOSE f=NONE leash=Surface(name=Task=33#120)/@0x281a03e sb=Rect(0, 0 - 1080, 2400) eb=Rect(0, 0 - 1080, 2400) epz=Point(1080, 2400) d=0 taskParent=-1 winMode=1 userId=0},
02-16 15:18:36.219   664   684 V WindowManager:         {m=TO_FRONT f=IS_WALLPAPER leash=Surface(name=WallpaperWindowToken{e05d0dc}#64)/@0xb727737 sb=Rect(0, 0 - 1080, 2400) eb=Rect(0, 0 - 1080, 2400) epz=Point(1080, 2400) d=0}
02-16 15:18:36.219   664   684 V WindowManager:     ]}
02-16 15:18:36.220   914   969 V WindowManagerShell:  animated by com.android.wm.shell.transition.RemoteTransitionHandler@5a3be79
02-16 15:18:36.224  1077  1077 D LauncherStateManager: StateManager.cancelAnimation: animation ongoing: false, partial trace:
02-16 15:18:36.224  1077  1077 D LauncherStateManager: 	at com.android.launcher3.statemanager.StateManager.setCurrentAnimation(go/retraceme f3a19d912c87c27267cfbc05ba0bc7b202ab72a6648bd76225f5f7e128d94583:18)
02-16 15:18:36.224  1077  1077 D LauncherStateManager: 	at com.android.launcher3.QuickstepTransitionManager.createWallpaperOpenAnimations(go/retraceme f3a19d912c87c27267cfbc05ba0bc7b202ab72a6648bd76225f5f7e128d94583:646)
02-16 15:18:36.224  1077  1077 D LauncherStateManager: 	at com.android.launcher3.QuickstepTransitionManager$WallpaperOpenLauncherAnimationRunner.onAnimationStart(go/retraceme f3a19d912c87c27267cfbc05ba0bc7b202ab72a6648bd76225f5f7e128d94583:96)
02-16 15:18:36.224   664   862 D BackgroundInstallControlService: Package event received: 0
02-16 15:18:36.224  1077  1077 D LauncherStateManager: StateManager.createAtomicAnimation: fromState: Normal, toState: Normal, partial trace:
02-16 15:18:36.224  1077  1077 D LauncherStateManager: 	at com.android.quickstep.util.WorkspaceRevealAnim.prepareToAnimate(go/retraceme f3a19d912c87c27267cfbc05ba0bc7b202ab72a6648bd76225f5f7e128d94583:20)
02-16 15:18:36.224  1077  1077 D LauncherStateManager: 	at com.android.quickstep.util.WorkspaceRevealAnim.<init>(go/retraceme f3a19d912c87c27267cfbc05ba0bc7b202ab72a6648bd76225f5f7e128d94583:11)
02-16 15:18:36.224  1077  1077 D LauncherStateManager: 	at com.android.launcher3.QuickstepTransitionManager.createWallpaperOpenAnimations(go/retraceme f3a19d912c87c27267cfbc05ba0bc7b202ab72a6648bd76225f5f7e128d94583:683)
02-16 15:18:36.224  1077  1077 D AllAppsTransitionController: shouldProtectHeader: false skipScrim: true state: Normal stateManager.getState(): Normal
02-16 15:18:36.224  1077  1077 D KeyboardInsetsHandler: removePendingImeController: pendingImeController=null
02-16 15:18:36.224  1077  1077 D b/311077782: LauncherAnimationRunner.setAnimation
02-16 15:18:36.225   664   862 D BackgroundInstallControlService: Package event received: 0
02-16 15:18:36.225   664   862 D BackgroundInstallControlService: Package event received: 0
02-16 15:18:36.315  1077  1077 D b/417220811: invalidateLoadedTasks - previous requestLoadId: -1
02-16 15:18:36.317   664   679 W WindowManager: takeTaskSnapshot: taskId=31 not found or not visible
02-16 15:18:36.352  1077  1084 W System  : A resource failed to call release. 
02-16 15:18:36.352  1077  1084 W System  : A resource failed to call release. 
02-16 15:18:36.352  1077  1084 W System  : A resource failed to call release. 
02-16 15:18:36.423  1066  1166 D SatelliteController: iisInCarrierRoamingNbIotNtn: satellite is disabled
02-16 15:18:36.425  1066  1166 D SatelliteController: getCarrierRoamingNtnConnectType: Falling back to global carrier config connect type: 0
02-16 15:18:36.582  1077  1077 D WorkspaceRevealAnim: onAnimationEnd: workspace alpha = 1.0
02-16 15:18:36.582   914  1345 V WindowManagerShell: Received remote transition finished callback for (#9)
02-16 15:18:36.582   914   969 V WindowManagerShell: Transition animation finished (aborted=false), notifying core (#9) android.os.BinderProxy@becbbeb@0
02-16 15:18:36.585   664   684 V WindowManager: Finish Transition (#9): created at 02-16 15:18:35.693 collect-started=0.016ms request-sent=0.099ms started=4.834ms ready=503.96ms sent=510.586ms commit=29.135ms finished=891.561ms
02-16 15:18:36.587   914   969 V WindowManagerShell: Track 0 became idle
02-16 15:18:36.587   914   969 V WindowManagerShell: All active transition animations finished
02-16 15:18:36.589   664   885 W ImageReader_JNI: Unable to acquire a buffer item, very likely client tried to acquire more than maxImages buffers
02-16 15:18:36.809   664   810 I HalDevMgr: bestIfaceCreationProposal is null, requestIface=STA, existingIface=[name=wlan0 type=STA]
02-16 15:18:38.222   664   816 D InetDiagMessage: Destroyed 0 sockets, proto=IPPROTO_TCP, family=AF_INET, states=14
02-16 15:18:38.222   664   816 D InetDiagMessage: Destroyed 0 sockets, proto=IPPROTO_TCP, family=AF_INET6, states=14
02-16 15:18:38.222   664   816 D InetDiagMessage: Destroyed live tcp sockets for uids={10143} in 1ms
02-16 15:18:38.223   664   816 D InetDiagMessage: Destroyed 0 sockets, proto=IPPROTO_TCP, family=AF_INET, states=14
02-16 15:18:38.223   664   816 D InetDiagMessage: Destroyed 0 sockets, proto=IPPROTO_TCP, family=AF_INET6, states=14
02-16 15:18:38.223   664   816 D InetDiagMessage: Destroyed live tcp sockets for uids={20143} in 1ms
02-16 15:18:38.340   664  1834 D OomAdjuster: Not killing cached processes
02-16 15:18:38.365  1458  1458 D BoundBrokerSvc: onUnbind: Intent { act=com.google.android.gms.chimera.container.moduleinstall.ModuleInstallService.START dat=chimera-action:/... xflg=0x4 cmp=com.google.android.gms/.chimera.GmsApiService }
02-16 15:18:38.366  1458  1458 D BoundBrokerSvc: onUnbind: Intent { act=com.google.android.gms.ocr.service.internal.START dat=chimera-action:/... xflg=0x4 cmp=com.google.android.gms/.chimera.GmsInternalApiService }
02-16 15:18:38.610  1458  1458 D BoundBrokerSvc: onUnbind: Intent { act=com.google.android.gms.facs.internal.service.START dat=chimera-action:/... xflg=0x4 cmp=com.google.android.gms/.chimera.GmsInternalApiService }
02-16 15:18:38.921  5541  5541 W libbinder.BackendUnifiedServiceManager: Thread Pool max thread count is 0. Cannot cache binder as linkToDeath cannot be implemented. serviceName: package
02-16 15:18:38.976  2041  2045 I artd    : GetBestInfo: odex next to the dex file (/data/app/~~OAP_g0gvYKwFqcp0wd0PEA==/com.google.android.gms-B0r-MdAPLymqnZbYAnFNsg==/oat/arm64/base.odex) is kOatUpToDate with filter 'speed-profile' executable 'false'
02-16 15:18:38.979  2041  2045 I artd    : GetBestInfo: odex next to the dex file (/data/app/~~OAP_g0gvYKwFqcp0wd0PEA==/com.google.android.gms-B0r-MdAPLymqnZbYAnFNsg==/oat/arm64/split_AdsDynamite_installtime.odex) is kOatUpToDate with filter 'speed' executable 'false'
02-16 15:18:38.980  2041  5369 I artd    : GetBestInfo: odex next to the dex file (/data/app/~~OAP_g0gvYKwFqcp0wd0PEA==/com.google.android.gms-B0r-MdAPLymqnZbYAnFNsg==/oat/arm64/split_CronetDynamite_installtime.odex) is kOatUpToDate with filter 'speed-profile' executable 'false'
02-16 15:18:38.981  2041  2045 I artd    : GetBestInfo: odex next to the dex file (/data/app/~~OAP_g0gvYKwFqcp0wd0PEA==/com.google.android.gms-B0r-MdAPLymqnZbYAnFNsg==/oat/arm64/split_DynamiteLoader_installtime.odex) is kOatUpToDate with filter 'speed' executable 'false'
02-16 15:18:38.983  2041  5369 I artd    : GetBestInfo: odex next to the dex file (/data/app/~~OAP_g0gvYKwFqcp0wd0PEA==/com.google.android.gms-B0r-MdAPLymqnZbYAnFNsg==/oat/arm64/split_DynamiteModulesA_installtime.odex) is kOatUpToDate with filter 'speed' executable 'false'
02-16 15:18:38.985  2041  2045 I artd    : GetBestInfo: odex next to the dex file (/data/app/~~OAP_g0gvYKwFqcp0wd0PEA==/com.google.android.gms-B0r-MdAPLymqnZbYAnFNsg==/oat/arm64/split_DynamiteModulesC_installtime.odex) is kOatUpToDate with filter 'speed' executable 'false'
02-16 15:18:38.987  2041  2045 I artd    : GetBestInfo: odex next to the dex file (/data/app/~~OAP_g0gvYKwFqcp0wd0PEA==/com.google.android.gms-B0r-MdAPLymqnZbYAnFNsg==/oat/arm64/split_GoogleCertificates_installtime.odex) is kOatUpToDate with filter 'speed' executable 'false'
02-16 15:18:38.990  2041  5369 I artd    : GetBestInfo: odex next to the dex file (/data/app/~~OAP_g0gvYKwFqcp0wd0PEA==/com.google.android.gms-B0r-MdAPLymqnZbYAnFNsg==/oat/arm64/split_MapsDynamite_installtime.odex) is kOatUpToDate with filter 'speed' executable 'false'
02-16 15:18:38.992  2041  2045 I artd    : GetBestInfo: odex next to the dex file (/data/app/~~OAP_g0gvYKwFqcp0wd0PEA==/com.google.android.gms-B0r-MdAPLymqnZbYAnFNsg==/oat/arm64/split_MeasurementDynamite_installtime.odex) is kOatUpToDate with filter 'speed' executable 'false'
02-16 15:18:38.993  2041  5369 I artd    : GetBestInfo: odex next to the dex file (/data/app/~~OAP_g0gvYKwFqcp0wd0PEA==/com.google.android.gms-B0r-MdAPLymqnZbYAnFNsg==/oat/arm64/split_all_locale_splits.odex) is kOatUpToDate with filter 'speed' executable 'false'
02-16 15:18:38.994  2041  2045 I artd    : GetBestInfo: /data/user_de/0/com.google.android.gms/app_chimera/m/0000000f/dl-MlkitOcrCommon.optional_260235100400.apk has no usable artifacts
02-16 15:18:38.994  2041  5369 I artd    : GetBestInfo: /data/user_de/0/com.google.android.gms/app_chimera/m/00000001/CronetDynamite.apk has no usable artifacts
02-16 15:18:38.995  2041  2041 I artd    : GetBestInfo: vdex next to the dex file (/data/user/0/com.google.android.gms/app_dg_cache/9B790551AEA6F45286C19831BDC04308DF1AFF9F/oat/arm64/the.vdex) is kOatUpToDate with filter 'verify' executable 'false'
02-16 15:18:38.995  2041  2045 I artd    : GetBestInfo: /data/user_de/0/com.google.android.gms/app_chimera/m/00000002/DynamiteLoader.apk has no usable artifacts
02-16 15:18:38.996  2041  2045 I artd    : GetBestInfo: /data/user_de/0/com.google.android.gms/app_chimera/m/00000011/dl-PlayCloudSearch.optional_260235100000.apk has no usable artifacts
02-16 15:18:38.996  2041  2041 I artd    : GetBestInfo: /data/user_de/0/com.google.android.gms/app_chimera/m/0000000c/dl-Appsearch.optional_260235100400.apk has no usable artifacts
02-16 15:18:38.996  2041  2045 I artd    : GetBestInfo: /data/user_de/0/com.google.android.gms/app_chimera/m/00000005/GoogleCertificates.apk has no usable artifacts
02-16 15:18:38.997  2041  2045 I artd    : GetBestInfo: /data/user_de/0/com.google.android.gms/app_chimera/m/0000000d/dl-MlkitBarcodeUi.optional_260235100400.apk has no usable artifacts
02-16 15:18:38.997  2041  2041 I artd    : GetBestInfo: /data/user_de/0/com.google.android.gms/app_chimera/m/00000009/dl-TfliteDynamiteDynamite.integ_252130102100400.apk has no usable artifacts
02-16 15:18:38.998  2041  2045 I artd    : GetBestInfo: vdex next to the dex file (/data/user/0/com.google.android.gms/app_dg_cache/646DA7BE3AF9B756DEFD88CA7189FC9D7C55EC0F/oat/arm64/the.vdex) is kOatUpToDate with filter 'verify' executable 'false'
02-16 15:18:38.999  2041  2041 I artd    : GetBestInfo: /data/user_de/0/com.google.android.gms/app_chimera/m/0000000b/dl-VisionOcr.optional_260235100000.apk has no usable artifacts
02-16 15:18:38.999  2041  2045 I artd    : GetBestInfo: /data/user_de/0/com.google.android.gms/app_chimera/m/00000007/MeasurementDynamite.apk has no usable artifacts
